<?xml version="1.0" encoding="UTF-8"?>
<!-- Generated by org.testng.reporters.JUnitXMLReporter -->
<testsuite ignored="0" hostname="LAPTOP-4513KI40" failures="0" tests="6" name="Default test" time="46.29" errors="0" timestamp="2024-06-06T23:30:32 IST">
  <testcase classname="testpkg.Testclass" name="lg" time="3.142"/>
  <testcase classname="testpkg.Testclass" name="verifyLoginWithValidCred" time="5.617"/>
  <testcase classname="testpkg.Testclass" name="assertion" time="0.015"/>
  <testcase classname="testpkg.Testclass" name="clicknewarr" time="13.641"/>
  <testcase classname="testpkg.Testclass" name="clickcart" time="11.563"/>
  <testcase classname="testpkg.Testclass" name="test" time="0.252"/>
</testsuite> <!-- Default test -->
